Using pre-set license
Built from '2022.3/staging' branch; Version is '2022.3.19f1 (244b723c30a6) revision 2378610'; Using compiler version '192829333'; Build Type 'Release'
OS: 'Windows 11  (10.0.22621) 64bit Core' Language: 'en' Physical Memory: 30599 MB
BatchMode: 1, IsHumanControllingUs: 0, StartBugReporterOnCrash: 0, Is64bit: 1, IsPro: 1

COMMAND LINE ARGUMENTS:
C:\Program Files\Unity\Hub\Editor\2022.3.19f1\Editor\Unity.exe
-adb2
-batchMode
-noUpm
-name
AssetImportWorker0
-projectPath
C:/Users/lcapp/Documents/GitHub/Scootopia/Scootopia
-logFile
Logs/AssetImportWorker0.log
-srvPort
50828
Successfully changed project path to: C:/Users/lcapp/Documents/GitHub/Scootopia/Scootopia
C:/Users/lcapp/Documents/GitHub/Scootopia/Scootopia
[UnityMemory] Configuration Parameters - Can be set up in boot.config
    "memorysetup-bucket-allocator-granularity=16"
    "memorysetup-bucket-allocator-bucket-count=8"
    "memorysetup-bucket-allocator-block-size=33554432"
    "memorysetup-bucket-allocator-block-count=8"
    "memorysetup-main-allocator-block-size=16777216"
    "memorysetup-thread-allocator-block-size=16777216"
    "memorysetup-gfx-main-allocator-block-size=16777216"
    "memorysetup-gfx-thread-allocator-block-size=16777216"
    "memorysetup-cache-allocator-block-size=4194304"
    "memorysetup-typetree-allocator-block-size=2097152"
    "memorysetup-profiler-bucket-allocator-granularity=16"
    "memorysetup-profiler-bucket-allocator-bucket-count=8"
    "memorysetup-profiler-bucket-allocator-block-size=33554432"
    "memorysetup-profiler-bucket-allocator-block-count=8"
    "memorysetup-profiler-allocator-block-size=16777216"
    "memorysetup-profiler-editor-allocator-block-size=1048576"
    "memorysetup-temp-allocator-size-main=16777216"
    "memorysetup-job-temp-allocator-block-size=2097152"
    "memorysetup-job-temp-allocator-block-size-background=1048576"
    "memorysetup-job-temp-allocator-reduction-small-platforms=262144"
    "memorysetup-allocator-temp-initial-block-size-main=262144"
    "memorysetup-allocator-temp-initial-block-size-worker=262144"
    "memorysetup-temp-allocator-size-background-worker=32768"
    "memorysetup-temp-allocator-size-job-worker=262144"
    "memorysetup-temp-allocator-size-preload-manager=33554432"
    "memorysetup-temp-allocator-size-nav-mesh-worker=65536"
    "memorysetup-temp-allocator-size-audio-worker=65536"
    "memorysetup-temp-allocator-size-cloud-worker=32768"
    "memorysetup-temp-allocator-size-gi-baking-worker=262144"
    "memorysetup-temp-allocator-size-gfx=262144"
Player connection [8116] Host "[IP] 192.168.1.2 [Port] 0 [Flags] 2 [Guid] 99501684 [EditorId] 99501684 [Version] 1048832 [Id] WindowsEditor(7,Lil-Larrys-PC) [Debug] 1 [PackageName] WindowsEditor [ProjectName] Editor" joined multi-casting on [225.0.0.222:54997]...

Player connection [8116] Host "[IP] 192.168.1.2 [Port] 0 [Flags] 2 [Guid] 99501684 [EditorId] 99501684 [Version] 1048832 [Id] WindowsEditor(7,Lil-Larrys-PC) [Debug] 1 [PackageName] WindowsEditor [ProjectName] Editor" joined alternative multi-casting on [225.0.0.222:34997]...

[Physics::Module] Initialized MultithreadedJobDispatcher with 3 workers.
Refreshing native plugins compatible for Editor in 53.46 ms, found 3 plugins.
Preloading 0 native plugins for Editor in 0.00 ms.
Initialize engine version: 2022.3.19f1 (244b723c30a6)
[Subsystems] Discovering subsystems at path C:/Program Files/Unity/Hub/Editor/2022.3.19f1/Editor/Data/Resources/UnitySubsystems
[Subsystems] Discovering subsystems at path C:/Users/lcapp/Documents/GitHub/Scootopia/Scootopia/Assets
GfxDevice: creating device client; threaded=0; jobified=0
Direct3D:
    Version:  Direct3D 11.0 [level 11.1]
    Renderer: AMD Radeon(TM) Vega 3 Graphics (ID=0x15d8)
    Vendor:   ATI
    VRAM:     15299 MB
    Driver:   31.0.21902.5
Initialize mono
Mono path[0] = 'C:/Program Files/Unity/Hub/Editor/2022.3.19f1/Editor/Data/Managed'
Mono path[1] = 'C:/Program Files/Unity/Hub/Editor/2022.3.19f1/Editor/Data/MonoBleedingEdge/lib/mono/unityjit-win32'
Mono config path = 'C:/Program Files/Unity/Hub/Editor/2022.3.19f1/Editor/Data/MonoBleedingEdge/etc'
Using monoOptions --debugger-agent=transport=dt_socket,embedding=1,server=y,suspend=n,address=127.0.0.1:56888
Begin MonoManager ReloadAssembly
Registering precompiled unity dll's ...
Register platform support module: C:/Program Files/Unity/Hub/Editor/2022.3.19f1/Editor/Data/PlaybackEngines/WindowsStandaloneSupport/UnityEditor.WindowsStandalone.Extensions.dll
Registered in 0.043763 seconds.
- Loaded All Assemblies, in  1.563 seconds
Native extension for WindowsStandalone target not found
Mono: successfully reloaded assembly
- Finished resetting the current domain, in  1.650 seconds
Domain Reload Profiling: 3205ms
	BeginReloadAssembly (579ms)
		ExecutionOrderSort (0ms)
		DisableScriptedObjects (0ms)
		BackupInstance (0ms)
		ReleaseScriptingObjects (0ms)
		CreateAndSetChildDomain (4ms)
	RebuildCommonClasses (125ms)
	RebuildNativeTypeToScriptingClass (44ms)
	initialDomainReloadingComplete (265ms)
	LoadAllAssembliesAndSetupDomain (540ms)
		LoadAssemblies (570ms)
		RebuildTransferFunctionScriptingTraits (0ms)
		AnalyzeDomain (534ms)
			TypeCache.Refresh (530ms)
				TypeCache.ScanAssembly (481ms)
			ScanForSourceGeneratedMonoScriptInfo (1ms)
			ResolveRequiredComponents (1ms)
	FinalizeReload (1652ms)
		ReleaseScriptCaches (0ms)
		RebuildScriptCaches (0ms)
		SetupLoadedEditorAssemblies (1270ms)
			LogAssemblyErrors (0ms)
			InitializePlatformSupportModulesInManaged (46ms)
			SetLoadedEditorAssemblies (35ms)
			RefreshPlugins (0ms)
			BeforeProcessingInitializeOnLoad (11ms)
			ProcessInitializeOnLoadAttributes (782ms)
			ProcessInitializeOnLoadMethodAttributes (395ms)
			AfterProcessingInitializeOnLoad (0ms)
			EditorAssembliesLoaded (1ms)
		ExecutionOrderSort2 (0ms)
		AwakeInstancesAfterBackupRestoration (0ms)
========================================================================
Worker process is ready to serve import requests
Begin MonoManager ReloadAssembly
- Loaded All Assemblies, in  4.369 seconds
Refreshing native plugins compatible for Editor in 30.00 ms, found 3 plugins.
Native extension for WindowsStandalone target not found
Package Manager log level set to [2]
[Package Manager] Server::EnsureServerProcessIsRunning -- launch failed, reason: Unity was launched with the -noUpm command-line argument
[Package Manager] UpmClient::Send -- Unable to send message (not connected to UPM process).
[Package Manager] Cannot connect to Unity Package Manager local server
Mono: successfully reloaded assembly
- Finished resetting the current domain, in  4.627 seconds
Domain Reload Profiling: 8935ms
	BeginReloadAssembly (954ms)
		ExecutionOrderSort (0ms)
		DisableScriptedObjects (17ms)
		BackupInstance (0ms)
		ReleaseScriptingObjects (0ms)
		CreateAndSetChildDomain (82ms)
	RebuildCommonClasses (248ms)
	RebuildNativeTypeToScriptingClass (68ms)
	initialDomainReloadingComplete (334ms)
	LoadAllAssembliesAndSetupDomain (2703ms)
		LoadAssemblies (2427ms)
		RebuildTransferFunctionScriptingTraits (0ms)
		AnalyzeDomain (1008ms)
			TypeCache.Refresh (879ms)
				TypeCache.ScanAssembly (807ms)
			ScanForSourceGeneratedMonoScriptInfo (92ms)
			ResolveRequiredComponents (34ms)
	FinalizeReload (4628ms)
		ReleaseScriptCaches (0ms)
		RebuildScriptCaches (0ms)
		SetupLoadedEditorAssemblies (3667ms)
			LogAssemblyErrors (0ms)
			InitializePlatformSupportModulesInManaged (49ms)
			SetLoadedEditorAssemblies (24ms)
			RefreshPlugins (0ms)
			BeforeProcessingInitializeOnLoad (592ms)
			ProcessInitializeOnLoadAttributes (2799ms)
			ProcessInitializeOnLoadMethodAttributes (125ms)
			AfterProcessingInitializeOnLoad (77ms)
			EditorAssembliesLoaded (0ms)
		ExecutionOrderSort2 (0ms)
		AwakeInstancesAfterBackupRestoration (39ms)
Launched and connected shader compiler UnityShaderCompiler.exe after 0.43 seconds
Refreshing native plugins compatible for Editor in 69.99 ms, found 3 plugins.
Preloading 0 native plugins for Editor in 0.00 ms.
Unloading 3092 Unused Serialized files (Serialized files now loaded: 0)
Unloading 32 unused Assets / (57.3 KB). Loaded Objects now: 3553.
Memory consumption went from 122.2 MB to 122.2 MB.
Total: 21.067000 ms (FindLiveObjects: 1.277500 ms CreateObjectMapping: 0.893500 ms MarkObjects: 18.599300 ms  DeleteObjects: 0.292200 ms)

AssetImportParameters requested are different than current active one (requested -> active):
  custom:container-demuxer-ogg: 62fdf1f143b41e24485cea50d1cbac27 -> 
  custom:video-decoder-ogg-theora: a1e56fd34408186e4bbccfd4996cb3dc -> 
  custom:framework-win-MediaFoundation: 216162199b28c13a410421893ffa2e32 -> 
  custom:CustomObjectIndexerAttribute: 6d391050e5a25f67b0a2c618074f2cd9 -> 
  custom:container-demuxer-webm: 4f35f7cbe854078d1ac9338744f61a02 -> 
  custom:container-muxer-webm: aa71ff27fc2769a1b78a27578f13a17b -> 
  custom:video-decoder-webm-vp8: 9c59270c3fd7afecdb556c50c9e8de78 -> 
  custom:SearchIndexIgnoredProperties: e643bd26f0fe6173181afceb89e7c659 -> 
  custom:AudioImporter_EditorPlatform: d09bf68614088b80899f8185d706f6e7 -> 
  custom:video-encoder-webm-vp8: eb34c28f22e8b96e1ab97ce403110664 -> 
  custom:audio-decoder-ogg-vorbis: bf7c407c2cedff20999df2af8eb42d56 -> 
  custom:audio-encoder-webm-vorbis: bf7c407c2cedff20999df2af8eb42d56 -> 
========================================================================
Received Import Request.
  Time since last request: 2175.419731 seconds.
  path: Assets
  artifactKey: Guid(00000000000000001000000000000000) Importer(815301076,1909f56bfc062723c751e8b465ee728b)
Start importing Assets using Guid(00000000000000001000000000000000) Importer(815301076,1909f56bfc062723c751e8b465ee728b)  -> (artifact id: '8a4fe85251aa2e89732c359432baa2c3') in 0.007371 seconds
Number of updated asset objects reloaded before import = 0
Number of asset objects unloaded after import = 0
========================================================================
Received Import Request.
  Time since last request: 5.174686 seconds.
  path: Assets/Materials
  artifactKey: Guid(c9ae88a45f44782409c0d821e745019c) Importer(815301076,1909f56bfc062723c751e8b465ee728b)
Start importing Assets/Materials using Guid(c9ae88a45f44782409c0d821e745019c) Importer(815301076,1909f56bfc062723c751e8b465ee728b)  -> (artifact id: '327fedde472459dcc13c789bd5fb7a5f') in 0.008106 seconds
Number of updated asset objects reloaded before import = 0
Number of asset objects unloaded after import = 0
========================================================================
Received Import Request.
  Time since last request: 186.359048 seconds.
  path: Assets/Whiteclown N Hallin (1).fbx
  artifactKey: Guid(a5571e7115ce3084fa6687c1057a4a5d) Importer(815301076,1909f56bfc062723c751e8b465ee728b)
Start importing Assets/Whiteclown N Hallin (1).fbx using Guid(a5571e7115ce3084fa6687c1057a4a5d) Importer(815301076,1909f56bfc062723c751e8b465ee728b)  -> (artifact id: '6a062d924e7f3e4e09f05b2ea3424005') in 0.678017 seconds
Number of updated asset objects reloaded before import = 0
Number of asset objects unloaded after import = 144
========================================================================
Received Import Request.
  Time since last request: 50.624744 seconds.
  path: Assets/Whiteclown N Hallin (1).fbx
  artifactKey: Guid(a5571e7115ce3084fa6687c1057a4a5d) Importer(815301076,1909f56bfc062723c751e8b465ee728b)
Start importing Assets/Whiteclown N Hallin (1).fbx using Guid(a5571e7115ce3084fa6687c1057a4a5d) Importer(815301076,1909f56bfc062723c751e8b465ee728b)  -> (artifact id: 'c26bfd74046cd3d3b4f703fb669c0b36') in 0.197871 seconds
Number of updated asset objects reloaded before import = 0
Number of asset objects unloaded after import = 146
========================================================================
Received Import Request.
  Time since last request: 40.387495 seconds.
  path: Assets/Whiteclown N Hallin (1).fbx
  artifactKey: Guid(a5571e7115ce3084fa6687c1057a4a5d) Importer(815301076,1909f56bfc062723c751e8b465ee728b)
Start importing Assets/Whiteclown N Hallin (1).fbx using Guid(a5571e7115ce3084fa6687c1057a4a5d) Importer(815301076,1909f56bfc062723c751e8b465ee728b)  -> (artifact id: '9cd9e3fe62ce2fe958d1d897347a6a0d') in 1.190352 seconds
Number of updated asset objects reloaded before import = 0
Number of asset objects unloaded after import = 148
========================================================================
Received Import Request.
  Time since last request: 2.381670 seconds.
  path: Assets/Whiteclown N Hallin (1).fbx
  artifactKey: Guid(a5571e7115ce3084fa6687c1057a4a5d) Importer(815301076,1909f56bfc062723c751e8b465ee728b)
Start importing Assets/Whiteclown N Hallin (1).fbx using Guid(a5571e7115ce3084fa6687c1057a4a5d) Importer(815301076,1909f56bfc062723c751e8b465ee728b)  -> (artifact id: 'ecd36707e9b74abfc9e93dfdbb89c8b0') in 0.195147 seconds
Number of updated asset objects reloaded before import = 0
Number of asset objects unloaded after import = 148
========================================================================
Received Import Request.
  Time since last request: 8.612706 seconds.
  path: Assets/Whiteclown N Hallin (1).fbx
  artifactKey: Guid(a5571e7115ce3084fa6687c1057a4a5d) Importer(815301076,1909f56bfc062723c751e8b465ee728b)
Start importing Assets/Whiteclown N Hallin (1).fbx using Guid(a5571e7115ce3084fa6687c1057a4a5d) Importer(815301076,1909f56bfc062723c751e8b465ee728b)  -> (artifact id: 'fb83d4a9d1bcb2a6cc9f54a32e09bd93') in 0.184177 seconds
Number of updated asset objects reloaded before import = 0
Number of asset objects unloaded after import = 148
========================================================================
Received Import Request.
  Time since last request: 0.893445 seconds.
  path: Assets/Materials/Plane.mat
  artifactKey: Guid(82f6e7ea16fada24e847a0ab6931283e) Importer(815301076,1909f56bfc062723c751e8b465ee728b)
Start importing Assets/Materials/Plane.mat using Guid(82f6e7ea16fada24e847a0ab6931283e) Importer(815301076,1909f56bfc062723c751e8b465ee728b)  -> (artifact id: '4624eb9d63868b4ee96dfa25c1311ba7') in 0.262692 seconds
Number of updated asset objects reloaded before import = 0
Number of asset objects unloaded after import = 1
========================================================================
Received Import Request.
  Time since last request: 0.000088 seconds.
  path: Assets/Materials/whiteclown_specular.png
  artifactKey: Guid(2f847e3b720cff347abd19905069f7d7) Importer(815301076,1909f56bfc062723c751e8b465ee728b)
Start importing Assets/Materials/whiteclown_specular.png using Guid(2f847e3b720cff347abd19905069f7d7) Importer(815301076,1909f56bfc062723c751e8b465ee728b)  -> (artifact id: 'df7100e97297ea9b8f11a7a65bd4ee46') in 0.314770 seconds
Number of updated asset objects reloaded before import = 0
Number of asset objects unloaded after import = 2
========================================================================
Received Import Request.
  Time since last request: 0.004572 seconds.
  path: Assets/Materials/WhiteClown_material.mat
  artifactKey: Guid(caf00e194dd02f946a95ba574d693c2b) Importer(815301076,1909f56bfc062723c751e8b465ee728b)
Start importing Assets/Materials/WhiteClown_material.mat using Guid(caf00e194dd02f946a95ba574d693c2b) Importer(815301076,1909f56bfc062723c751e8b465ee728b)  -> (artifact id: 'cab7f9d1ad967542b87e2363e9eb25a0') in 0.166855 seconds
Number of updated asset objects reloaded before import = 0
Number of asset objects unloaded after import = 3
Editor requested this worker to shutdown with reason: Scaling down because of idle timeout
TcpMessagingSession - receive error
AssetImportWorkerClient::OnTransportError - code=2 error=End of file
AssetImportWorker is now disconnected from the server
Process exiting
Exiting without the bug reporter. Application will terminate with return code 0